[2019-12-27 18:24:49] production.ERROR: SQLSTATE[HY000] [2002] Operation timed out (SQL: insert into `telescope_entries` (`batch_id`, `content`, `created_at`, `family_hash`, `type`, `uuid`) values (8f785c37-9b4b-46de-b58c-9bbaa34839f5, {"command":"tinker","exit_code":0,"arguments":{"command":"tinker","include":[]},"options":{"help":false,"quiet":false,"verbose":false,"version":false,"ansi":false,"no-ansi":false,"no-interaction":false,"env":null},"hostname":"Sreenaths-MacBook-Pro.local"}, 2019-12-27 18:24:19, ?, command, 8f785c37-986b-40ec-a4c8-cc339c63e030)) {"exception":"[object] (Illuminate\\Database\\QueryException(code: 2002): SQLSTATE[HY000] [2002] Operation timed out (SQL: insert into `telescope_entries` (`batch_id`, `content`, `created_at`, `family_hash`, `type`, `uuid`) values (8f785c37-9b4b-46de-b58c-9bbaa34839f5, {\"command\":\"tinker\",\"exit_code\":0,\"arguments\":{\"command\":\"tinker\",\"include\":[]},\"options\":{\"help\":false,\"quiet\":false,\"verbose\":false,\"version\":false,\"ansi\":false,\"no-ansi\":false,\"no-interaction\":false,\"env\":null},\"hostname\":\"Sreenaths-MacBook-Pro.local\"}, 2019-12-27 18:24:19, ?, command, 8f785c37-986b-40ec-a4c8-cc339c63e030)) at /Users/sree/Desktop/code/laravel/universal-board-portal/vendor/laravel/framework/src/Illuminate/Database/Connection.php:664, Doctrine\\DBAL\\Driver\\PDOException(code: 2002): SQLSTATE[HY000] [2002] Operation timed out at /Users/sree/Desktop/code/laravel/universal-board-portal/vendor/doctrine/dbal/lib/Doctrine/DBAL/Driver/PDOConnection.php:31, PDOException(code: 2002): SQLSTATE[HY000] [2002] Operation timed out at /Users/sree/Desktop/code/laravel/universal-board-portal/vendor/doctrine/dbal/lib/Doctrine/DBAL/Driver/PDOConnection.php:27)
[stacktrace]
#0 /Users/sree/Desktop/code/laravel/universal-board-portal/vendor/laravel/framework/src/Illuminate/Database/Connection.php(624): Illuminate\\Database\\Connection->runQueryCallback('insert into `te...', Array, Object(Closure))
#1 /Users/sree/Desktop/code/laravel/universal-board-portal/vendor/laravel/framework/src/Illuminate/Database/Connection.php(459): Illuminate\\Database\\Connection->run('insert into `te...', Array, Object(Closure))
#2 /Users/sree/Desktop/code/laravel/universal-board-portal/vendor/laravel/framework/src/Illuminate/Database/Connection.php(411): Illuminate\\Database\\Connection->statement('insert into `te...', Array)
#3 /Users/sree/Desktop/code/laravel/universal-board-portal/vendor/laravel/framework/src/Illuminate/Database/Query/Builder.php(2646): Illuminate\\Database\\Connection->insert('insert into `te...', Array)
#4 /Users/sree/Desktop/code/laravel/universal-board-portal/vendor/laravel/telescope/src/Storage/DatabaseEntriesRepository.php(148): Illuminate\\Database\\Query\\Builder->insert(Array)
#5 /Users/sree/Desktop/code/laravel/universal-board-portal/vendor/laravel/framework/src/Illuminate/Support/Collection.php(475): Laravel\\Telescope\\Storage\\DatabaseEntriesRepository->Laravel\\Telescope\\Storage\\{closure}(Object(Illuminate\\Support\\Collection), 0)
#6 /Users/sree/Desktop/code/laravel/universal-board-portal/vendor/laravel/telescope/src/Storage/DatabaseEntriesRepository.php(149): Illuminate\\Support\\Collection->each(Object(Closure))
#7 /Users/sree/Desktop/code/laravel/universal-board-portal/vendor/laravel/telescope/src/Telescope.php(564): Laravel\\Telescope\\Storage\\DatabaseEntriesRepository->store(Object(Illuminate\\Support\\Collection))
#8 /Users/sree/Desktop/code/laravel/universal-board-portal/vendor/laravel/telescope/src/ListensForStorageOpportunities.php(44): Laravel\\Telescope\\Telescope::store(Object(Laravel\\Telescope\\Storage\\DatabaseEntriesRepository))
#9 [internal function]: Laravel\\Telescope\\Telescope::Laravel\\Telescope\\{closure}()
#10 /Users/sree/Desktop/code/laravel/universal-board-portal/vendor/laravel/framework/src/Illuminate/Container/BoundMethod.php(32): call_user_func_array(Object(Closure), Array)
#11 /Users/sree/Desktop/code/laravel/universal-board-portal/vendor/laravel/framework/src/Illuminate/Container/BoundMethod.php(78): Illuminate\\Container\\BoundMethod::Illuminate\\Container\\{closure}()
#12 /Users/sree/Desktop/code/laravel/universal-board-portal/vendor/laravel/framework/src/Illuminate/Container/BoundMethod.php(34): Illuminate\\Container\\BoundMethod::callBoundMethod(Object(Illuminate\\Foundation\\Application), Object(Closure), Object(Closure))
#13 /Users/sree/Desktop/code/laravel/universal-board-portal/vendor/laravel/framework/src/Illuminate/Container/Container.php(576): Illuminate\\Container\\BoundMethod::call(Object(Illuminate\\Foundation\\Application), Object(Closure), Array, NULL)
#14 /Users/sree/Desktop/code/laravel/universal-board-portal/vendor/laravel/framework/src/Illuminate/Foundation/Application.php(1019): Illuminate\\Container\\Container->call(Object(Closure))
#15 /Users/sree/Desktop/code/laravel/universal-board-portal/vendor/laravel/framework/src/Illuminate/Foundation/Console/Kernel.php(160): Illuminate\\Foundation\\Application->terminate()
#16 /Users/sree/Desktop/code/laravel/universal-board-portal/artisan(51): Illuminate\\Foundation\\Console\\Kernel->terminate(Object(Symfony\\Component\\Console\\Input\\ArgvInput), 0)
#17 {main}
"} 
